# JRE version: Java(TM) SE Runtime Environment (8.0_112-b15) (build 1.8.0_112-b15)
# Java VM: Java HotSpot(TM) 64-Bit Server VM (25.112-b15 mixed mode windows-amd64 compressed oops)
Heap:
 PSYoungGen      total 55808K, used 32395K [0x00000007bc400000, 0x00000007c0000000, 0x00000007c0000000)
  eden space 50176K, 63% used [0x00000007bc400000,0x00000007be31ae38,0x00000007bf500000)
  from space 5632K, 9% used [0x00000007bf500000,0x00000007bf588000,0x00000007bfa80000)
  to   space 5632K, 0% used [0x00000007bfa80000,0x00000007bfa80000,0x00000007c0000000)
 ParOldGen       total 529408K, used 342249K [0x0000000700000000, 0x0000000720500000, 0x00000007bc400000)
  object space 529408K, 64% used [0x0000000700000000,0x0000000714e3a6e0,0x0000000720500000)
 Metaspace       used 100009K, capacity 101073K, committed 101888K, reserved 1136640K
  class space    used 15054K, capacity 15257K, committed 15360K, reserved 1048576K
GC Heap History (10 events):
Event: 38134.140 GC heap before
{Heap before GC invocations=2954 (full 40):
 PSYoungGen      total 55808K, used 51616K [0x00000007bc400000, 0x00000007c0000000, 0x00000007c0000000)
  eden space 50176K, 100% used [0x00000007bc400000,0x00000007bf500000,0x00000007bf500000)
  from space 5632K, 25% used [0x00000007bf500000,0x00000007bf668000,0x00000007bfa80000)
  to   space 5632K, 0% used [0x00000007bfa80000,0x00000007bfa80000,0x00000007c0000000)
 ParOldGen       total 529408K, used 483852K [0x0000000700000000, 0x0000000720500000, 0x00000007bc400000)
  object space 529408K, 91% used [0x0000000700000000,0x000000071d883100,0x0000000720500000)
 Metaspace       used 99879K, capacity 100973K, committed 101760K, reserved 1136640K
  class space    used 15020K, capacity 15223K, committed 15232K, reserved 1048576K
Event: 38134.145 GC heap after
Heap after GC invocations=2954 (full 40):
 PSYoungGen      total 55808K, used 1376K [0x00000007bc400000, 0x00000007c0000000, 0x00000007c0000000)
  eden space 50176K, 0% used [0x00000007bc400000,0x00000007bc400000,0x00000007bf500000)
  from space 5632K, 24% used [0x00000007bfa80000,0x00000007bfbd8000,0x00000007c0000000)
  to   space 5632K, 0% used [0x00000007bf500000,0x00000007bf500000,0x00000007bfa80000)
 ParOldGen       total 529408K, used 483900K [0x0000000700000000, 0x0000000720500000, 0x00000007bc400000)
  object space 529408K, 91% used [0x0000000700000000,0x000000071d88f100,0x0000000720500000)
 Metaspace       used 99879K, capacity 100973K, committed 101760K, reserved 1136640K
  class space    used 15020K, capacity 15223K, committed 15232K, reserved 1048576K
}
Event: 38160.787 GC heap before
{Heap before GC invocations=2955 (full 40):
 PSYoungGen      total 55808K, used 51552K [0x00000007bc400000, 0x00000007c0000000, 0x00000007c0000000)
  eden space 50176K, 100% used [0x00000007bc400000,0x00000007bf500000,0x00000007bf500000)
  from space 5632K, 24% used [0x00000007bfa80000,0x00000007bfbd8000,0x00000007c0000000)
  to   space 5632K, 0% used [0x00000007bf500000,0x00000007bf500000,0x00000007bfa80000)
 ParOldGen       total 529408K, used 483900K [0x0000000700000000, 0x0000000720500000, 0x00000007bc400000)
  object space 529408K, 91% used [0x0000000700000000,0x000000071d88f100,0x0000000720500000)
 Metaspace       used 99907K, capacity 100973K, committed 101760K, reserved 1136640K
  class space    used 15025K, capacity 15223K, committed 15232K, reserved 1048576K
Event: 38160.794 GC heap after
Heap after GC invocations=2955 (full 40):
 PSYoungGen      total 55808K, used 1280K [0x00000007bc400000, 0x00000007c0000000, 0x00000007c0000000)
  eden space 50176K, 0% used [0x00000007bc400000,0x00000007bc400000,0x00000007bf500000)
  from space 5632K, 22% used [0x00000007bf500000,0x00000007bf640000,0x00000007bfa80000)
  to   space 5632K, 0% used [0x00000007bfa80000,0x00000007bfa80000,0x00000007c0000000)
 ParOldGen       total 529408K, used 484100K [0x0000000700000000, 0x0000000720500000, 0x00000007bc400000)
  object space 529408K, 91% used [0x0000000700000000,0x000000071d8c1120,0x0000000720500000)
 Metaspace       used 99907K, capacity 100973K, committed 101760K, reserved 1136640K
  class space    used 15025K, capacity 15223K, committed 15232K, reserved 1048576K
}
Event: 38161.668 GC heap before
{Heap before GC invocations=2956 (full 40):
 PSYoungGen      total 55808K, used 13008K [0x00000007bc400000, 0x00000007c0000000, 0x00000007c0000000)
  eden space 50176K, 23% used [0x00000007bc400000,0x00000007bcf743a0,0x00000007bf500000)
  from space 5632K, 22% used [0x00000007bf500000,0x00000007bf640000,0x00000007bfa80000)
  to   space 5632K, 0% used [0x00000007bfa80000,0x00000007bfa80000,0x00000007c0000000)
 ParOldGen       total 529408K, used 484100K [0x0000000700000000, 0x0000000720500000, 0x00000007bc400000)
  object space 529408K, 91% used [0x0000000700000000,0x000000071d8c1120,0x0000000720500000)
 Metaspace       used 99995K, capacity 101073K, committed 101888K, reserved 1136640K
  class space    used 15053K, capacity 15257K, committed 15360K, reserved 1048576K
Event: 38161.679 GC heap after
Heap after GC invocations=2956 (full 40):
 PSYoungGen      total 55808K, used 1376K [0x00000007bc400000, 0x00000007c0000000, 0x00000007c0000000)
  eden space 50176K, 0% used [0x00000007bc400000,0x00000007bc400000,0x00000007bf500000)
  from space 5632K, 24% used [0x00000007bfa80000,0x00000007bfbd8000,0x00000007c0000000)
  to   space 5632K, 0% used [0x00000007bf500000,0x00000007bf500000,0x00000007bfa80000)
 ParOldGen       total 529408K, used 484196K [0x0000000700000000, 0x0000000720500000, 0x00000007bc400000)
  object space 529408K, 91% used [0x0000000700000000,0x000000071d8d91a0,0x0000000720500000)
 Metaspace       used 99995K, capacity 101073K, committed 101888K, reserved 1136640K
  class space    used 15053K, capacity 15257K, committed 15360K, reserved 1048576K
}
Event: 38161.679 GC heap before
{Heap before GC invocations=2957 (full 41):
 PSYoungGen      total 55808K, used 1376K [0x00000007bc400000, 0x00000007c0000000, 0x00000007c0000000)
  eden space 50176K, 0% used [0x00000007bc400000,0x00000007bc400000,0x00000007bf500000)
  from space 5632K, 24% used [0x00000007bfa80000,0x00000007bfbd8000,0x00000007c0000000)
  to   space 5632K, 0% used [0x00000007bf500000,0x00000007bf500000,0x00000007bfa80000)
 ParOldGen       total 529408K, used 484196K [0x0000000700000000, 0x0000000720500000, 0x00000007bc400000)
  object space 529408K, 91% used [0x0000000700000000,0x000000071d8d91a0,0x0000000720500000)
 Metaspace       used 99995K, capacity 101073K, committed 101888K, reserved 1136640K
  class space    used 15053K, capacity 15257K, committed 15360K, reserved 1048576K
Event: 38162.503 GC heap after
Heap after GC invocations=2957 (full 41):
 PSYoungGen      total 55808K, used 0K [0x00000007bc400000, 0x00000007c0000000, 0x00000007c0000000)
  eden space 50176K, 0% used [0x00000007bc400000,0x00000007bc400000,0x00000007bf500000)
  from space 5632K, 0% used [0x00000007bfa80000,0x00000007bfa80000,0x00000007c0000000)
  to   space 5632K, 0% used [0x00000007bf500000,0x00000007bf500000,0x00000007bfa80000)
 ParOldGen       total 529408K, used 342249K [0x0000000700000000, 0x0000000720500000, 0x00000007bc400000)
  object space 529408K, 64% used [0x0000000700000000,0x0000000714e3a6e0,0x0000000720500000)
 Metaspace       used 99995K, capacity 101073K, committed 101888K, reserved 1136640K
  class space    used 15053K, capacity 15257K, committed 15360K, reserved 1048576K
}
Event: 38164.076 GC heap before
{Heap before GC invocations=2958 (full 41):
 PSYoungGen      total 55808K, used 50176K [0x00000007bc400000, 0x00000007c0000000, 0x00000007c0000000)
  eden space 50176K, 100% used [0x00000007bc400000,0x00000007bf500000,0x00000007bf500000)
  from space 5632K, 0% used [0x00000007bfa80000,0x00000007bfa80000,0x00000007c0000000)
  to   space 5632K, 0% used [0x00000007bf500000,0x00000007bf500000,0x00000007bfa80000)
 ParOldGen       total 529408K, used 342249K [0x0000000700000000, 0x0000000720500000, 0x00000007bc400000)
  object space 529408K, 64% used [0x0000000700000000,0x0000000714e3a6e0,0x0000000720500000)
 Metaspace       used 100009K, capacity 101073K, committed 101888K, reserved 1136640K
  class space    used 15054K, capacity 15257K, committed 15360K, reserved 1048576K
Event: 38164.083 GC heap after
Heap after GC invocations=2958 (full 41):
 PSYoungGen      total 55808K, used 544K [0x00000007bc400000, 0x00000007c0000000, 0x00000007c0000000)
  eden space 50176K, 0% used [0x00000007bc400000,0x00000007bc400000,0x00000007bf500000)
  from space 5632K, 9% used [0x00000007bf500000,0x00000007bf588000,0x00000007bfa80000)
  to   space 5632K, 0% used [0x00000007bfa80000,0x00000007bfa80000,0x00000007c0000000)
 ParOldGen       total 529408K, used 342249K [0x0000000700000000, 0x0000000720500000, 0x00000007bc400000)
  object space 529408K, 64% used [0x0000000700000000,0x0000000714e3a6e0,0x0000000720500000)
 Metaspace       used 100009K, capacity 101073K, committed 101888K, reserved 1136640K
  class space    used 15054K, capacity 15257K, committed 15360K, reserved 1048576K
}

